2025/01/05 18:10:08.314749 Application starting up from binary /tmp/go-build2210649836/b001/exe/dashboard...
2025/01/05 18:10:08.318541 Application binary /tmp/go-build2210649836/b001/exe/dashboard ending...
2025/01/06 20:33:53.029958 Application starting up from binary /var/folders/s0/gyyz9rm960vbq8t6n89fk1nm0000gn/T/go-build122487005/b001/exe/dashboard...
2025/01/06 20:33:53.031526 Error on connection to siridb : Connection to siridb on host  port 0 database  failed: dial tcp :0: connect: can't assign requested address
2025/01/06 20:40:46.189269 Application starting up from binary /var/folders/s0/gyyz9rm960vbq8t6n89fk1nm0000gn/T/go-build4166743479/b001/exe/dashboard...
2025/01/06 20:40:46.201570 Error on connection to siridb : Connection to siridb on host 127.0.0.1 port 9000 database testdb failed: unknown database
2025/01/06 20:48:46.438704 Application starting up from binary /var/folders/s0/gyyz9rm960vbq8t6n89fk1nm0000gn/T/go-build3413319993/b001/exe/dashboard...
2025/01/06 20:48:46.447239 Error on connection to siridb : Connection to siridb on host 127.0.0.1 port 9000 database testdb failed: unknown database
2025/01/06 20:51:05.807526 Application starting up from binary /var/folders/s0/gyyz9rm960vbq8t6n89fk1nm0000gn/T/go-build204658890/b001/exe/dashboard...
2025/01/06 20:51:05.810937 Error on connection to siridb : Connection to siridb on host 127.0.0.1 port 9000 database dbtest failed: unknown database
2025/01/06 20:56:07.851437 Application starting up from binary /var/folders/s0/gyyz9rm960vbq8t6n89fk1nm0000gn/T/go-build865482579/b001/exe/dashboard...
2025/01/06 20:56:07.856780 Error on connection to siridb : Connection to siridb on host 127.0.0.1 port 9000 database dbtest failed: unknown database
2025/01/06 21:05:16.422293 Application starting up from binary /var/folders/s0/gyyz9rm960vbq8t6n89fk1nm0000gn/T/go-build2279201885/b001/exe/dashboard...
2025/01/06 21:05:16.447174 Error on connection to siridb : Connection to siridb on host 127.0.0.1 port 9000 database dbtest failed: <nil>
2025/01/06 21:07:59.291681 Application starting up from binary /var/folders/s0/gyyz9rm960vbq8t6n89fk1nm0000gn/T/go-build688254785/b001/exe/dashboard...
2025/01/06 21:07:59.296288 Application binary /var/folders/s0/gyyz9rm960vbq8t6n89fk1nm0000gn/T/go-build688254785/b001/exe/dashboard ending...
2025/01/06 21:13:36.715179 Application starting up from binary /var/folders/s0/gyyz9rm960vbq8t6n89fk1nm0000gn/T/go-build2290268346/b001/exe/dashboard...
2025/01/06 21:13:36.721063 Application binary /var/folders/s0/gyyz9rm960vbq8t6n89fk1nm0000gn/T/go-build2290268346/b001/exe/dashboard ending...
2025/01/06 21:13:53.914166 Application starting up from binary /var/folders/s0/gyyz9rm960vbq8t6n89fk1nm0000gn/T/go-build4001957454/b001/exe/dashboard...
2025/01/06 21:13:53.924373 Error on connection to siridb : Connection to siridb on host 127.0.0.1 port 9000 database vikerdb failed: <nil>
2025/01/06 21:13:57.440582 Application starting up from binary /var/folders/s0/gyyz9rm960vbq8t6n89fk1nm0000gn/T/go-build1686365166/b001/exe/dashboard...
2025/01/06 21:13:57.445326 Application binary /var/folders/s0/gyyz9rm960vbq8t6n89fk1nm0000gn/T/go-build1686365166/b001/exe/dashboard ending...
2025/01/06 21:15:17.998641 Application starting up from binary /var/folders/s0/gyyz9rm960vbq8t6n89fk1nm0000gn/T/go-build4227706913/b001/exe/dashboard...
2025/01/06 21:15:18.004050 Application binary /var/folders/s0/gyyz9rm960vbq8t6n89fk1nm0000gn/T/go-build4227706913/b001/exe/dashboard ending...
2025/01/06 21:15:51.483588 Application starting up from binary /var/folders/s0/gyyz9rm960vbq8t6n89fk1nm0000gn/T/go-build3674551478/b001/exe/dashboard...
2025/01/06 21:15:51.489926 Application binary /var/folders/s0/gyyz9rm960vbq8t6n89fk1nm0000gn/T/go-build3674551478/b001/exe/dashboard ending...
2025/01/07 14:19:11.645588 Application starting up from binary /var/folders/s0/gyyz9rm960vbq8t6n89fk1nm0000gn/T/go-build3603183120/b001/exe/dashboard...
2025/01/07 14:19:11.658802 Application binary /var/folders/s0/gyyz9rm960vbq8t6n89fk1nm0000gn/T/go-build3603183120/b001/exe/dashboard ending...
2025/01/07 18:19:30.143582 Application starting up from binary /var/folders/s0/gyyz9rm960vbq8t6n89fk1nm0000gn/T/go-build2137539628/b001/exe/dashboard...
2025/01/07 18:19:30.155689 Application binary /var/folders/s0/gyyz9rm960vbq8t6n89fk1nm0000gn/T/go-build2137539628/b001/exe/dashboard ending...
2025/01/08 07:00:26.871013 Application starting up from binary /var/folders/7f/31dmwq293cq3bk9m1mw9cv040000gn/T/go-build3981361311/b001/exe/dashboard...
2025/01/08 07:00:26.878877 Application binary /var/folders/7f/31dmwq293cq3bk9m1mw9cv040000gn/T/go-build3981361311/b001/exe/dashboard ending...
2025/01/08 07:07:56.222761 Application starting up from binary /var/folders/7f/31dmwq293cq3bk9m1mw9cv040000gn/T/go-build246787566/b001/exe/dashboard...
2025/01/08 07:07:56.230037 Application binary /var/folders/7f/31dmwq293cq3bk9m1mw9cv040000gn/T/go-build246787566/b001/exe/dashboard ending...
2025/01/08 07:12:39.744052 Application starting up from binary /var/folders/7f/31dmwq293cq3bk9m1mw9cv040000gn/T/go-build178833623/b001/exe/dashboard...
2025/01/08 07:12:39.766975 Redis DB connection instance: 
2025/01/08 07:12:39.771595 Siri DB connection instance: 
2025/01/08 07:12:39.773284 Application binary /var/folders/7f/31dmwq293cq3bk9m1mw9cv040000gn/T/go-build178833623/b001/exe/dashboard ending...
2025/01/08 07:14:41.558949 Application starting up from binary /var/folders/7f/31dmwq293cq3bk9m1mw9cv040000gn/T/go-build1865529717/b001/exe/dashboard...
2025/01/08 07:14:41.560197 Error on connection to mongodb: Error on setup connection to Mongo: error parsing uri: scheme must be "mongodb" or "mongodb+srv"
2025/01/08 07:14:58.603339 Application starting up from binary /var/folders/7f/31dmwq293cq3bk9m1mw9cv040000gn/T/go-build837656889/b001/exe/dashboard...
2025/01/08 07:14:58.604381 Error on connection to mongodb: Error on setup connection to Mongo: error validating uri: username required if URI contains user info
2025/01/08 07:22:13.676710 Application starting up from binary /var/folders/7f/31dmwq293cq3bk9m1mw9cv040000gn/T/go-build132712433/b001/exe/dashboard...
2025/01/08 07:22:13.677758 Error on connection to mongodb: Error on setup connection to Mongo: error validating uri: username required if URI contains user info
2025/01/08 07:22:34.931327 Application starting up from binary /var/folders/7f/31dmwq293cq3bk9m1mw9cv040000gn/T/go-build203594845/b001/exe/dashboard...
2025/01/08 07:22:34.979089 Mongo DB conection instance: 
2025/01/08 07:22:35.065915 Redis DB connection instance: 
2025/01/08 07:22:35.068133 Siri DB connection instance: 
2025/01/08 07:22:35.068683 Application binary /var/folders/7f/31dmwq293cq3bk9m1mw9cv040000gn/T/go-build203594845/b001/exe/dashboard ending...
2025/01/08 07:26:59.203846 Application starting up from binary /var/folders/7f/31dmwq293cq3bk9m1mw9cv040000gn/T/go-build2562230407/b001/exe/dashboard...
2025/01/08 07:26:59.205006 Connecting to mongodb backend database...
2025/01/08 07:26:59.229581 Connection complete...
2025/01/08 07:26:59.229638 Connecting to redis database engine...
2025/01/08 07:26:59.235169 Connection complete...
2025/01/08 07:26:59.235281 Connecting to SiriDB timescale database...
2025/01/08 07:26:59.237532 Connection complete
2025/01/08 07:26:59.237614 Mongo DB conection instance: 
2025/01/08 07:26:59.309697 Redis DB connection instance: 
2025/01/08 07:26:59.311712 Siri DB connection instance: 
2025/01/08 07:26:59.312261 Application binary /var/folders/7f/31dmwq293cq3bk9m1mw9cv040000gn/T/go-build2562230407/b001/exe/dashboard ending...
2025/01/08 11:36:41.263204 Application starting up from binary /tmp/go-build3277828057/b001/exe/dashboard...
2025/01/08 11:36:41.263418 Connecting to mongodb backend database...
2025/01/08 11:36:46.263793 Error on connection to mongodb: Error on checkup connection to Mongo: server selection error: context deadline exceeded, current topology: { Type: Unknown, Servers: [{ Addr: localhost:27017, Type: Unknown, Last error: dial tcp 127.0.0.1:27017: connect: connection refused }, ] }
2025/01/08 12:07:54.107570 Application starting up from binary /tmp/go-build1865324598/b001/exe/dashboard...
2025/01/08 12:07:54.107762 Connecting to mongodb backend database...
2025/01/08 12:07:59.108951 Error on connection to mongodb: Error on checkup connection to Mongo: server selection error: context deadline exceeded, current topology: { Type: Unknown, Servers: [{ Addr: localhost:27017, Type: Unknown, Last error: dial tcp 127.0.0.1:27017: connect: connection refused }, ] }
2025/01/08 12:09:43.055046 Application starting up from binary /tmp/go-build4036560004/b001/exe/dashboard...
2025/01/08 12:09:43.055235 Connecting to mongodb backend database...
2025/01/08 12:09:48.056278 Error on connection to mongodb: Error on checkup connection to Mongo: server selection error: context deadline exceeded, current topology: { Type: Unknown, Servers: [{ Addr: localhost:27017, Type: Unknown, Last error: dial tcp 127.0.0.1:27017: connect: connection refused }, ] }
2025/01/08 12:10:13.624552 Application starting up from binary /tmp/go-build887283407/b001/exe/dashboard...
2025/01/08 12:10:13.624726 Connecting to mongodb backend database...
2025/01/08 12:10:13.628051 Error on connection to mongodb: Error on checkup connection to Mongo: connection() error occurred during connection handshake: auth error: sasl conversation error: unable to authenticate using mechanism "SCRAM-SHA-1": (AuthenticationFailed) Authentication failed.
2025/01/08 12:13:00.411791 Application starting up from binary /tmp/go-build3320142399/b001/exe/dashboard...
2025/01/08 12:13:00.411989 Connecting to mongodb backend database...
2025/01/08 12:13:00.415221 Error on connection to mongodb: Error on checkup connection to Mongo: connection() error occurred during connection handshake: auth error: sasl conversation error: unable to authenticate using mechanism "SCRAM-SHA-1": (AuthenticationFailed) Authentication failed.
2025/01/08 12:14:49.881212 Application starting up from binary /tmp/go-build936424183/b001/exe/dashboard...
2025/01/08 12:14:49.881398 Connecting to mongodb backend database...
2025/01/08 12:14:49.884016 Error on connection to mongodb: Error on checkup connection to Mongo: connection() error occurred during connection handshake: auth error: sasl conversation error: unable to authenticate using mechanism "SCRAM-SHA-1": (AuthenticationFailed) Authentication failed.
2025/01/08 12:17:12.193245 Application starting up from binary /tmp/go-build948865193/b001/exe/dashboard...
2025/01/08 12:17:12.193440 Connecting to mongodb backend database...
2025/01/08 12:17:12.196030 Error on connection to mongodb: Error on checkup connection to Mongo: connection() error occurred during connection handshake: auth error: sasl conversation error: unable to authenticate using mechanism "SCRAM-SHA-1": (AuthenticationFailed) Authentication failed.
2025/01/08 12:18:12.739792 Application starting up from binary /tmp/go-build3800533902/b001/exe/dashboard...
2025/01/08 12:18:12.739990 Connecting to mongodb backend database...
2025/01/08 12:18:12.742785 Error on connection to mongodb: Error on checkup connection to Mongo: connection() error occurred during connection handshake: auth error: sasl conversation error: unable to authenticate using mechanism "SCRAM-SHA-1": (AuthenticationFailed) Authentication failed.
2025/01/08 13:37:50.383968 Application starting up from binary /tmp/go-build3920554341/b001/exe/dashboard...
2025/01/08 13:37:50.384155 Connecting to mongodb backend database...
2025/01/08 13:37:50.387765 Error on connection to mongodb: Error on checkup connection to Mongo: connection() error occurred during connection handshake: auth error: sasl conversation error: unable to authenticate using mechanism "SCRAM-SHA-1": (AuthenticationFailed) Authentication failed.
2025/01/08 13:57:35.456508 Application starting up from binary /tmp/go-build2611035545/b001/exe/dashboard...
2025/01/08 13:57:35.456706 Connecting to mongodb backend database...
2025/01/08 13:57:40.457929 Error on connection to mongodb: Error on checkup connection to Mongo: server selection error: context deadline exceeded, current topology: { Type: Unknown, Servers: [{ Addr: localhost:27017, Type: Unknown, Last error: dial tcp 127.0.0.1:27017: connect: connection refused }, ] }
2025/01/08 13:57:56.820495 Application starting up from binary /tmp/go-build958128367/b001/exe/dashboard...
2025/01/08 13:57:56.820684 Connecting to mongodb backend database...
2025/01/08 13:57:56.824064 Error on connection to mongodb: Error on checkup connection to Mongo: connection() error occurred during connection handshake: auth error: sasl conversation error: unable to authenticate using mechanism "SCRAM-SHA-1": (AuthenticationFailed) Authentication failed.
2025/01/08 14:03:15.841086 Application starting up from binary /tmp/go-build4119639096/b001/exe/dashboard...
2025/01/08 14:03:15.841267 Connecting to mongodb backend database...
2025/01/08 14:03:15.843316 Connection complete...
2025/01/08 14:03:15.843333 Connecting to redis database engine...
2025/01/08 14:03:15.844105 Connection complete...
2025/01/08 14:03:15.844117 Connecting to SiriDB timescale database...
2025/01/08 14:03:15.845252 Connection complete
2025/01/08 14:03:15.845270 Mongo DB conection instance: &{mongodb://localhost:27017/appdb context.Background.WithDeadline(2025-01-08 14:03:20.841275991 +0100 CET m=+5.001112313 [4.995985492s]) 0xc0001ce000 0xc000144780 0x505ee0 <nil>}
2025/01/08 14:03:15.845314 Redis DB connection instance: &{Redis<localhost:6379 db:0> context.Background.WithDeadline(2025-01-08 14:03:20.843359372 +0100 CET m=+5.003195694 [4.998017627s]) 0x505ee0 0 redis://:@localhost:6379/0    }
2025/01/08 14:03:15.845353 Siri DB connection instance: {0xc0003141c0 map[buffer_size:8192 dbname:vikerdb time_precision:ms] vikerdb sa siri}
2025/01/08 14:03:15.845371 Application binary /tmp/go-build4119639096/b001/exe/dashboard ending...
2025/01/08 14:10:31.393568 Application starting up from binary /tmp/go-build1110415156/b001/exe/dashboard...
2025/01/08 14:10:31.393735 Connecting to mongodb backend database...
2025/01/08 14:10:31.395755 Connection complete...
2025/01/08 14:10:31.395774 Connecting to redis database engine...
2025/01/08 14:10:31.396376 Connection complete...
2025/01/08 14:10:31.396407 Connecting to SiriDB timescale database...
2025/01/08 14:10:31.396728 Connection complete
2025/01/08 14:10:31.396741 Mongo DB conection instance: &{mongodb://localhost:27017/appdb context.Background.WithDeadline(2025-01-08 14:10:36.393745076 +0100 CET m=+5.001074732 [4.99698768s]) 0x505ee0 0xc0001ce000 0xc000144960 <nil>}
2025/01/08 14:10:31.396770 Redis DB connection instance: &{Redis<localhost:6379 db:0> context.Background.WithDeadline(2025-01-08 14:10:36.395796978 +0100 CET m=+5.003126644 [4.999001561s]) 0x505ee0 0 redis://:@localhost:6379/0    }
2025/01/08 14:10:31.396804 Siri DB connection instance: {0xc00009a2c0 map[buffer_size:8192 dbname:vikerdb time_precision:ms] vikerdb  sa siri}
2025/01/08 14:10:31.396825 Application binary /tmp/go-build1110415156/b001/exe/dashboard ending...
2025/01/08 14:16:17.151498 Application starting up from binary /tmp/go-build399846419/b001/exe/dashboard...
2025/01/08 14:16:17.151668 Connecting to mongodb backend database...
2025/01/08 14:16:17.153500 Connection complete...
2025/01/08 14:16:17.153544 Connecting to redis database engine...
2025/01/08 14:16:17.154293 Connection complete...
2025/01/08 14:16:17.154309 Connecting to SiriDB timescale database...
2025/01/08 14:16:17.154702 Connection complete
2025/01/08 14:16:17.154712 Mongo DB conection instance: &{mongodb://localhost:27017/appdb context.Background.WithDeadline(2025-01-08 14:16:22.151678864 +0100 CET m=+5.001018337 [4.996957063s]) 0x505ee0 0xc0001c6000 0xc0000de3c0 <nil>}
2025/01/08 14:16:17.154737 Redis DB connection instance: &{Redis<localhost:6379 db:0> context.Background.WithDeadline(2025-01-08 14:16:22.153571499 +0100 CET m=+5.002910972 [4.998814743s]) 0x505ee0 0 redis://:@localhost:6379/0    }
2025/01/08 14:16:17.154765 Siri DB connection instance: {0xc00011a0c0 map[buffer_size:8192 dbname:vikerdb time_precision:ms] vikerdb  sa siri}
2025/01/08 14:16:17.154784 Application binary /tmp/go-build399846419/b001/exe/dashboard ending...
2025/01/08 14:16:56.948562 Application starting up from binary /tmp/go-build624124263/b001/exe/dashboard...
2025/01/08 14:16:56.948751 Connecting to mongodb backend database...
2025/01/08 14:16:56.950637 Connection complete...
2025/01/08 14:16:56.950662 Connecting to redis database engine...
2025/01/08 14:16:56.951239 Connection complete...
2025/01/08 14:16:56.951252 Connecting to SiriDB timescale database...
2025/01/08 14:16:56.951571 Connection complete
2025/01/08 14:16:56.951593 Mongo DB conection instance: &{mongodb://localhost:27017/appdb context.Background.WithDeadline(2025-01-08 14:17:01.948759547 +0100 CET m=+5.001132290 [4.997150834s]) 0x505ee0 0xc0001ce000 0xc0001445a0 <nil>}
2025/01/08 14:16:56.951629 Redis DB connection instance: &{Redis<localhost:6379 db:0> context.Background.WithDeadline(2025-01-08 14:17:01.950709117 +0100 CET m=+5.003081870 [4.99906055s]) 0x505ee0 0 redis://:@localhost:6379/0    }
2025/01/08 14:16:56.951655 Siri DB connection instance: {0xc0003141c0 map[buffer_size:8192 dbname:vikerdb time_precision:ms] vikerdb  sa siri}
2025/01/08 14:16:56.951668 Application binary /tmp/go-build624124263/b001/exe/dashboard ending...
2025/01/08 14:41:35.762868 Application starting up from binary /tmp/go-build3261618802/b001/exe/dashboard...
2025/01/08 14:41:35.763049 Connecting to mongodb backend database...
2025/01/08 14:41:35.765135 Connection complete...
2025/01/08 14:41:35.765156 Connecting to redis database engine...
2025/01/08 14:41:35.765714 Connection complete...
2025/01/08 14:41:35.765735 Connecting to SiriDB timescale database...
2025/01/08 14:41:35.766151 Connection complete
2025/01/08 14:41:35.766167 Mongo DB conection instance: &{mongodb://localhost:27017/appdb context.Background.WithDeadline(2025-01-08 14:41:40.763058451 +0100 CET m=+5.001028367 [4.996868046s]) 0x505ee0 0xc0001d0000 0xc0000ce690 <nil>}
2025/01/08 14:41:35.766207 Redis DB connection instance: &{Redis<localhost:6379 db:0> context.Background.WithDeadline(2025-01-08 14:41:40.765198137 +0100 CET m=+5.003168063 [4.998964721s]) 0x505ee0 0 redis://:@localhost:6379/0    }
2025/01/08 14:41:35.766247 Siri DB connection instance: {0xc00014c200 map[buffer_size:8192 dbname:vikerdb time_precision:ms] vikerdb  sa siri}
2025/01/08 14:41:35.766275 Application binary /tmp/go-build3261618802/b001/exe/dashboard ending...
2025/01/08 15:33:41.451081 Application starting up from binary /tmp/go-build1742940780/b001/exe/dashboard...
2025/01/08 15:33:41.451261 Connecting to mongodb backend database...
2025/01/08 15:33:41.453081 Connection complete...
2025/01/08 15:33:41.453097 Connecting to redis database engine...
2025/01/08 15:33:41.453617 Connection complete...
2025/01/08 15:33:41.453634 Connecting to SiriDB timescale database...
2025/01/08 15:33:41.453951 Connection complete
2025/01/08 15:33:41.453975 Mongo DB conection instance: &{mongodb://localhost:27017/appdb context.Background.WithDeadline(2025-01-08 15:33:46.451271235 +0100 CET m=+5.001032875 [4.99727314s]) 0x505ee0 0xc0001d0000 0xc0000ceb40 <nil>}
2025/01/08 15:33:41.454017 Redis DB connection instance: &{Redis<localhost:6379 db:0> context.Background.WithDeadline(2025-01-08 15:33:46.453119899 +0100 CET m=+5.002881539 [4.999084655s]) 0x505ee0 0 redis://:@localhost:6379/0    }
2025/01/08 15:33:41.454046 Siri DB connection instance: {0xc00009af40 map[buffer_size:8192 dbname:vikerdb time_precision:ms] vikerdb  sa siri}
2025/01/08 15:33:41.454058 Application binary /tmp/go-build1742940780/b001/exe/dashboard ending...
2025/01/11 07:42:35.090036 Application starting up from binary /var/folders/7f/31dmwq293cq3bk9m1mw9cv040000gn/T/go-build2967470136/b001/exe/dashboard...
2025/01/11 07:42:35.090906 Connecting to mongodb backend database...
2025/01/11 07:43:23.627865 Application starting up from binary /var/folders/7f/31dmwq293cq3bk9m1mw9cv040000gn/T/go-build1563565102/b001/exe/dashboard...
2025/01/11 07:43:23.628667 Connecting to mongodb backend database...
2025/01/11 07:43:23.636742 Connection complete...
2025/01/11 07:43:23.636765 Connecting to redis database engine...
2025/01/11 07:43:23.638364 Connection complete...
2025/01/11 07:43:23.638381 Connecting to SiriDB timescale database...
2025/01/11 07:43:23.643477 Error on connection to siridb : Connection to siridb on host 127.0.0.1 port 9000 database vikerdb failed: database directory already exists: /var/lib/siridb/vikerdb/
2025/01/11 07:45:34.027489 Application starting up from binary /var/folders/7f/31dmwq293cq3bk9m1mw9cv040000gn/T/go-build584302620/b001/exe/dashboard...
2025/01/11 07:45:34.028382 Connecting to mongodb backend database...
2025/01/11 07:45:34.037012 Connection complete...
2025/01/11 07:45:34.037066 Connecting to redis database engine...
2025/01/11 07:45:34.039381 Connection complete...
2025/01/11 07:45:34.039437 Connecting to SiriDB timescale database...
2025/01/11 07:45:34.057540 Connection complete
2025/01/11 07:45:34.057564 Mongo DB conection instance: &{mongodb://localhost:27017/appdb context.Background.WithDeadline(2025-01-11 07:45:39.028428 +0100 CET m=+5.003141918 [4.970831208s]) 0x104542c80 0x1400011bd40 0x140001bc000 <nil>}
2025/01/11 07:45:34.057618 Redis DB connection instance: &{Redis<localhost:6379 db:0> context.Background.WithDeadline(2025-01-11 07:45:39.037115 +0100 CET m=+5.011829960 [4.979485167s]) 0x104542c80 0 redis://:@localhost:6379/0    }
2025/01/11 07:45:34.057638 Siri DB connection instance: {0x1400003ee40 map[buffer_size:8192 dbname:vikerdb time_precision:ms] vikerdb  sa siri}
2025/01/11 07:45:34.057651 Application binary /var/folders/7f/31dmwq293cq3bk9m1mw9cv040000gn/T/go-build584302620/b001/exe/dashboard ending...
2025/01/11 07:46:22.323298 Application starting up from binary /var/folders/7f/31dmwq293cq3bk9m1mw9cv040000gn/T/go-build3252654937/b001/exe/dashboard...
2025/01/11 07:46:22.324192 Connecting to mongodb backend database...
2025/01/11 07:46:22.333149 Connection complete...
2025/01/11 07:46:22.333193 Connecting to redis database engine...
2025/01/11 07:46:22.336621 Connection complete...
2025/01/11 07:46:22.336644 Connecting to SiriDB timescale database...
2025/01/11 07:46:22.338888 Connection complete
2025/01/11 07:46:22.338910 Mongo DB conection instance: &{mongodb://localhost:27017/appdb context.Background.WithDeadline(2025-01-11 07:46:27.324252 +0100 CET m=+5.003525918 [4.985311792s]) 0x1002bec80 0x1400019dd40 0x140001c20f0 <nil>}
2025/01/11 07:46:22.338957 Redis DB connection instance: &{Redis<localhost:6379 db:0> context.Background.WithDeadline(2025-01-11 07:46:27.333269 +0100 CET m=+5.012542668 [4.994294292s]) 0x1002bec80 0 redis://:@localhost:6379/0    }
2025/01/11 07:46:22.338986 Siri DB connection instance: {0x140002ba0c0 map[buffer_size:8192 dbname:vikerdb time_precision:ms] vikerdb  sa siri}
2025/01/11 07:46:22.339002 Application binary /var/folders/7f/31dmwq293cq3bk9m1mw9cv040000gn/T/go-build3252654937/b001/exe/dashboard ending...
2025/01/11 07:50:48.145313 Application starting up from binary /var/folders/7f/31dmwq293cq3bk9m1mw9cv040000gn/T/go-build253833966/b001/exe/dashboard...
2025/01/11 07:50:48.146242 Connecting to mongodb backend database...
2025/01/11 07:50:48.164017 Connection complete...
2025/01/11 07:50:48.164056 Connecting to redis database engine...
2025/01/11 07:50:48.170213 Connection complete...
2025/01/11 07:50:48.170241 Connecting to SiriDB timescale database...
2025/01/11 07:50:48.172414 Connection complete
2025/01/11 07:50:48.172426 Mongo DB conection instance: &{mongodb://localhost:27017/appdb context.Background.WithDeadline(2025-01-11 07:50:53.146305 +0100 CET m=+5.003675751 [4.973850458s]) 0x104eaac80 0x1400019dd40 0x140001c20f0 <nil>}
2025/01/11 07:50:48.172482 Redis DB connection instance: &{Redis<localhost:6379 db:0> context.Background.WithDeadline(2025-01-11 07:50:53.164108 +0100 CET m=+5.021479251 [4.9916095s]) 0x104eaac80 0 redis://:@localhost:6379/0    }
2025/01/11 07:50:48.172508 Siri DB connection instance: {0x140001b4d80 map[buffer_size:8192 dbname:vikerdb time_precision:ms] vikerdb  sa siri}
2025/01/11 07:50:48.172524 Application binary /var/folders/7f/31dmwq293cq3bk9m1mw9cv040000gn/T/go-build253833966/b001/exe/dashboard ending...
2025/01/11 09:22:18.210290 Application starting up from binary /var/folders/7f/31dmwq293cq3bk9m1mw9cv040000gn/T/go-build3208002747/b001/exe/dashboard...
2025/01/11 09:22:18.211584 Connecting to mongodb backend database...
2025/01/11 09:22:18.224919 Connection complete...
2025/01/11 09:22:18.224949 Connecting to redis database engine...
2025/01/11 09:22:18.227838 Connection complete...
2025/01/11 09:22:18.227865 Connecting to SiriDB timescale database...
2025/01/11 09:22:18.232152 Connection complete
2025/01/11 09:22:18.232175 Mongo DB conection instance: &{mongodb://localhost:27017/appdb context.Background.WithDeadline(2025-01-11 09:22:23.211618 +0100 CET m=+5.003911084 [4.979401791s]) 0x102142c80 0x1400019dd40 0x140001c20f0 <nil>}
2025/01/11 09:22:18.232236 Redis DB connection instance: &{Redis<localhost:6379 db:0> context.Background.WithDeadline(2025-01-11 09:22:23.225009 +0100 CET m=+5.017302209 [4.992751083s]) 0x102142c80 0 redis://:@localhost:6379/0    }
2025/01/11 09:22:18.232269 Siri DB connection instance: {0x14000294140 map[buffer_size:8192 dbname:vikerdb time_precision:ms] vikerdb  sa siri}
2025/01/11 09:22:18.232291 Application binary /var/folders/7f/31dmwq293cq3bk9m1mw9cv040000gn/T/go-build3208002747/b001/exe/dashboard ending...
